This is pdfTeX, Version 3.141592653-2.6-1.40.24 (MiKTeX 22.8.28) (preloaded format=pdflatex 2022.10.8)  6 DEC 2022 21:53
entering extended mode
 \write18 enabled.
 %&-line parsing enabled.
**./final_report.tex
(final_report.tex
LaTeX2e <2022-06-01> patch level 5
L3 programming layer <2022-09-28> (IEEEtran.cls
Document Class: IEEEtran 2015/08/26 V1.8b by Michael Shell
-- See the "IEEEtran_HOWTO" manual for usage information.
-- http://www.michaelshell.org/tex/ieeetran/
\@IEEEtrantmpdimenA=\dimen138
\@IEEEtrantmpdimenB=\dimen139
\@IEEEtrantmpdimenC=\dimen140
\@IEEEtrantmpcountA=\count185
\@IEEEtrantmpcountB=\count186
\@IEEEtrantmpcountC=\count187
\@IEEEtrantmptoksA=\toks16
LaTeX Font Info:    Trying to load font information for OT1+ptm on input line 5
03.
(C:\Users\user\AppData\Local\Programs\MiKTeX\tex/latex/psnfss\ot1ptm.fd
File: ot1ptm.fd 2001/06/04 font definitions for OT1/ptm.
)
-- Using 8.5in x 11in (letter) paper.
-- Using PDF output.
\@IEEEnormalsizeunitybaselineskip=\dimen141
-- This is a 10 point document.
\CLASSINFOnormalsizebaselineskip=\dimen142
\CLASSINFOnormalsizeunitybaselineskip=\dimen143
\IEEEnormaljot=\dimen144
LaTeX Font Info:    Font shape `OT1/ptm/bx/n' in size <5> not available
(Font)              Font shape `OT1/ptm/b/n' tried instead on input line 1090.
LaTeX Font Info:    Font shape `OT1/ptm/bx/it' in size <5> not available
(Font)              Font shape `OT1/ptm/b/it' tried instead on input line 1090.

LaTeX Font Info:    Font shape `OT1/ptm/bx/n' in size <7> not available
(Font)              Font shape `OT1/ptm/b/n' tried instead on input line 1090.
LaTeX Font Info:    Font shape `OT1/ptm/bx/it' in size <7> not available
(Font)              Font shape `OT1/ptm/b/it' tried instead on input line 1090.

LaTeX Font Info:    Font shape `OT1/ptm/bx/n' in size <8> not available
(Font)              Font shape `OT1/ptm/b/n' tried instead on input line 1090.
LaTeX Font Info:    Font shape `OT1/ptm/bx/it' in size <8> not available
(Font)              Font shape `OT1/ptm/b/it' tried instead on input line 1090.

LaTeX Font Info:    Font shape `OT1/ptm/bx/n' in size <9> not available
(Font)              Font shape `OT1/ptm/b/n' tried instead on input line 1090.
LaTeX Font Info:    Font shape `OT1/ptm/bx/it' in size <9> not available
(Font)              Font shape `OT1/ptm/b/it' tried instead on input line 1090.

LaTeX Font Info:    Font shape `OT1/ptm/bx/n' in size <10> not available
(Font)              Font shape `OT1/ptm/b/n' tried instead on input line 1090.
LaTeX Font Info:    Font shape `OT1/ptm/bx/it' in size <10> not available
(Font)              Font shape `OT1/ptm/b/it' tried instead on input line 1090.

LaTeX Font Info:    Font shape `OT1/ptm/bx/n' in size <11> not available
(Font)              Font shape `OT1/ptm/b/n' tried instead on input line 1090.
LaTeX Font Info:    Font shape `OT1/ptm/bx/it' in size <11> not available
(Font)              Font shape `OT1/ptm/b/it' tried instead on input line 1090.

LaTeX Font Info:    Font shape `OT1/ptm/bx/n' in size <12> not available
(Font)              Font shape `OT1/ptm/b/n' tried instead on input line 1090.
LaTeX Font Info:    Font shape `OT1/ptm/bx/it' in size <12> not available
(Font)              Font shape `OT1/ptm/b/it' tried instead on input line 1090.

LaTeX Font Info:    Font shape `OT1/ptm/bx/n' in size <17> not available
(Font)              Font shape `OT1/ptm/b/n' tried instead on input line 1090.
LaTeX Font Info:    Font shape `OT1/ptm/bx/it' in size <17> not available
(Font)              Font shape `OT1/ptm/b/it' tried instead on input line 1090.

LaTeX Font Info:    Font shape `OT1/ptm/bx/n' in size <20> not available
(Font)              Font shape `OT1/ptm/b/n' tried instead on input line 1090.
LaTeX Font Info:    Font shape `OT1/ptm/bx/it' in size <20> not available
(Font)              Font shape `OT1/ptm/b/it' tried instead on input line 1090.

LaTeX Font Info:    Font shape `OT1/ptm/bx/n' in size <24> not available
(Font)              Font shape `OT1/ptm/b/n' tried instead on input line 1090.
LaTeX Font Info:    Font shape `OT1/ptm/bx/it' in size <24> not available
(Font)              Font shape `OT1/ptm/b/it' tried instead on input line 1090.

\IEEEquantizedlength=\dimen145
\IEEEquantizedlengthdiff=\dimen146
\IEEEquantizedtextheightdiff=\dimen147
\IEEEilabelindentA=\dimen148
\IEEEilabelindentB=\dimen149
\IEEEilabelindent=\dimen150
\IEEEelabelindent=\dimen151
\IEEEdlabelindent=\dimen152
\IEEElabelindent=\dimen153
\IEEEiednormlabelsep=\dimen154
\IEEEiedmathlabelsep=\dimen155
\IEEEiedtopsep=\skip47
\c@section=\count188
\c@subsection=\count189
\c@subsubsection=\count190
\c@paragraph=\count191
\c@IEEEsubequation=\count192
\abovecaptionskip=\skip48
\belowcaptionskip=\skip49
\c@figure=\count193
\c@table=\count194
\@IEEEeqnnumcols=\count195
\@IEEEeqncolcnt=\count196
\@IEEEsubeqnnumrollback=\count197
\@IEEEquantizeheightA=\dimen156
\@IEEEquantizeheightB=\dimen157
\@IEEEquantizeheightC=\dimen158
\@IEEEquantizeprevdepth=\dimen159
\@IEEEquantizemultiple=\count198
\@IEEEquantizeboxA=\box51
\@IEEEtmpitemindent=\dimen160
\IEEEPARstartletwidth=\dimen161
\c@IEEEbiography=\count199
\@IEEEtranrubishbin=\box52
)
** ATTENTION: Overriding command lockouts (line 2).
(C:\Users\user\AppData\Local\Programs\MiKTeX\tex/latex/cite\cite.sty
LaTeX Info: Redefining \cite on input line 302.
LaTeX Info: Redefining \nocite on input line 332.
Package: cite 2015/02/27  v 5.5
)
(C:\Users\user\AppData\Local\Programs\MiKTeX\tex/latex/amsmath\amsmath.sty
Package: amsmath 2022/04/08 v2.17n AMS math features
\@mathmargin=\skip50

For additional information on amsmath, use the `?' option.
(C:\Users\user\AppData\Local\Programs\MiKTeX\tex/latex/amsmath\amstext.sty
Package: amstext 2021/08/26 v2.01 AMS text

(C:\Users\user\AppData\Local\Programs\MiKTeX\tex/latex/amsmath\amsgen.sty
File: amsgen.sty 1999/11/30 v2.0 generic functions
\@emptytoks=\toks17
\ex@=\dimen162
))
(C:\Users\user\AppData\Local\Programs\MiKTeX\tex/latex/amsmath\amsbsy.sty
Package: amsbsy 1999/11/29 v1.2d Bold Symbols
\pmbraise@=\dimen163
)
(C:\Users\user\AppData\Local\Programs\MiKTeX\tex/latex/amsmath\amsopn.sty
Package: amsopn 2022/04/08 v2.04 operator names
)
\inf@bad=\count266
LaTeX Info: Redefining \frac on input line 234.
\uproot@=\count267
\leftroot@=\count268
LaTeX Info: Redefining \overline on input line 399.
LaTeX Info: Redefining \colon on input line 410.
\classnum@=\count269
\DOTSCASE@=\count270
LaTeX Info: Redefining \ldots on input line 496.
LaTeX Info: Redefining \dots on input line 499.
LaTeX Info: Redefining \cdots on input line 620.
\Mathstrutbox@=\box53
\strutbox@=\box54
LaTeX Info: Redefining \big on input line 722.
LaTeX Info: Redefining \Big on input line 723.
LaTeX Info: Redefining \bigg on input line 724.
LaTeX Info: Redefining \Bigg on input line 725.
\big@size=\dimen164
LaTeX Font Info:    Redeclaring font encoding OML on input line 743.
LaTeX Font Info:    Redeclaring font encoding OMS on input line 744.
\macc@depth=\count271
LaTeX Info: Redefining \bmod on input line 905.
LaTeX Info: Redefining \pmod on input line 910.
LaTeX Info: Redefining \smash on input line 940.
LaTeX Info: Redefining \relbar on input line 970.
LaTeX Info: Redefining \Relbar on input line 971.
\c@MaxMatrixCols=\count272
\dotsspace@=\muskip16
\c@parentequation=\count273
\dspbrk@lvl=\count274
\tag@help=\toks18
\row@=\count275
\column@=\count276
\maxfields@=\count277
\andhelp@=\toks19
\eqnshift@=\dimen165
\alignsep@=\dimen166
\tagshift@=\dimen167
\tagwidth@=\dimen168
\totwidth@=\dimen169
\lineht@=\dimen170
\@envbody=\toks20
\multlinegap=\skip51
\multlinetaggap=\skip52
\mathdisplay@stack=\toks21
LaTeX Info: Redefining \[ on input line 2953.
LaTeX Info: Redefining \] on input line 2954.
)
(C:\Users\user\AppData\Local\Programs\MiKTeX\tex/latex/amsfonts\amssymb.sty
Package: amssymb 2013/01/14 v3.01 AMS font symbols

(C:\Users\user\AppData\Local\Programs\MiKTeX\tex/latex/amsfonts\amsfonts.sty
Package: amsfonts 2013/01/14 v3.01 Basic AMSFonts support
\symAMSa=\mathgroup4
\symAMSb=\mathgroup5
LaTeX Font Info:    Redeclaring math symbol \hbar on input line 98.
LaTeX Font Info:    Overwriting math alphabet `\mathfrak' in version `bold'
(Font)                  U/euf/m/n --> U/euf/b/n on input line 106.
))
(C:\Users\user\AppData\Local\Programs\MiKTeX\tex/latex/algorithms\algorithmic.s
ty
Package: algorithmic 2009/08/24 v0.1 Document Style `algorithmic'
 (C:\Users\user\AppData\Local\Programs\MiKTeX\tex/latex/base\ifthen.sty
Package: ifthen 2022/04/13 v1.1d Standard LaTeX ifthen package (DPC)
)
(C:\Users\user\AppData\Local\Programs\MiKTeX\tex/latex/graphics\keyval.sty
Package: keyval 2022/05/29 v1.15 key=value parser (DPC)
\KV@toks@=\toks22
)
\c@ALC@unique=\count278
\c@ALC@line=\count279
\c@ALC@rem=\count280
\c@ALC@depth=\count281
\ALC@tlm=\skip53
\algorithmicindent=\skip54
)
(C:\Users\user\AppData\Local\Programs\MiKTeX\tex/latex/graphics\graphicx.sty
Package: graphicx 2021/09/16 v1.2d Enhanced LaTeX Graphics (DPC,SPQR)

(C:\Users\user\AppData\Local\Programs\MiKTeX\tex/latex/graphics\graphics.sty
Package: graphics 2022/03/10 v1.4e Standard LaTeX Graphics (DPC,SPQR)

(C:\Users\user\AppData\Local\Programs\MiKTeX\tex/latex/graphics\trig.sty
Package: trig 2021/08/11 v1.11 sin cos tan (DPC)
)
(C:\Users\user\AppData\Local\Programs\MiKTeX\tex/latex/graphics-cfg\graphics.cf
g
File: graphics.cfg 2016/06/04 v1.11 sample graphics configuration
)
Package graphics Info: Driver file: pdftex.def on input line 107.

(C:\Users\user\AppData\Local\Programs\MiKTeX\tex/latex/graphics-def\pdftex.def
File: pdftex.def 2022/09/22 v1.2b Graphics/color driver for pdftex
\stockwidth=\dimen171
\stockheight=\dimen172
))
\Gin@req@height=\dimen173
\Gin@req@width=\dimen174
) (C:\Users\user\AppData\Local\Programs\MiKTeX\tex/latex/listings\listings.sty
\lst@mode=\count282
\lst@gtempboxa=\box55
\lst@token=\toks23
\lst@length=\count283
\lst@currlwidth=\dimen175
\lst@column=\count284
\lst@pos=\count285
\lst@lostspace=\dimen176
\lst@width=\dimen177
\lst@newlines=\count286
\lst@lineno=\count287
\lst@maxwidth=\dimen178
(C:\Users\user\AppData\Local\Programs\MiKTeX\tex/latex/listings\lstmisc.sty
File: lstmisc.sty 2020/03/24 1.8d (Carsten Heinz)
\c@lstnumber=\count288
\lst@skipnumbers=\count289
\lst@framebox=\box56
)
(C:\Users\user\AppData\Local\Programs\MiKTeX\tex/latex/listings\listings.cfg
File: listings.cfg 2020/03/24 1.8d listings configuration
))
Package: listings 2020/03/24 1.8d (Carsten Heinz)

(C:\Users\user\AppData\Local\Programs\MiKTeX\tex/latex/minted\minted.sty
Package: minted 2021/12/24 v2.6 Yet another Pygments shim for LaTeX

(C:\Users\user\AppData\Local\Programs\MiKTeX\tex/latex/kvoptions\kvoptions.sty
Package: kvoptions 2022-06-15 v3.15 Key value format for package options (HO)

(C:\Users\user\AppData\Local\Programs\MiKTeX\tex/generic/ltxcmds\ltxcmds.sty
Package: ltxcmds 2020-05-10 v1.25 LaTeX kernel commands for general use (HO)
)
(C:\Users\user\AppData\Local\Programs\MiKTeX\tex/latex/kvsetkeys\kvsetkeys.sty
Package: kvsetkeys 2022-10-05 v1.19 Key value parser (HO)
)) (C:\Users\user\AppData\Local\Programs\MiKTeX\tex/latex/fvextra\fvextra.sty
Package: fvextra 2019/02/04 v1.4 fvextra - extensions and patches for fancyvrb

(C:\Users\user\AppData\Local\Programs\MiKTeX\tex/latex/etoolbox\etoolbox.sty
Package: etoolbox 2020/10/05 v2.5k e-TeX tools for LaTeX (JAW)
\etb@tempcnta=\count290
)
(C:\Users\user\AppData\Local\Programs\MiKTeX\tex/latex/fancyvrb\fancyvrb.sty
Package: fancyvrb 2022/06/06 4.5 verbatim text (tvz,hv)
\FV@CodeLineNo=\count291
\FV@InFile=\read2
\FV@TabBox=\box57
\c@FancyVerbLine=\count292
\FV@StepNumber=\count293
\FV@OutFile=\write3
)
(C:\Users\user\AppData\Local\Programs\MiKTeX\tex/latex/upquote\upquote.sty
Package: upquote 2012/04/19 v1.3 upright-quote and grave-accent glyphs in verba
tim

(C:\Users\user\AppData\Local\Programs\MiKTeX\tex/latex/base\textcomp.sty
Package: textcomp 2020/02/02 v2.0n Standard LaTeX package
))
(C:\Users\user\AppData\Local\Programs\MiKTeX\tex/latex/lineno\lineno.sty
Package: lineno 2005/11/02 line numbers on paragraphs v4.41
\linenopenalty=\count294
\output=\toks24
\linenoprevgraf=\count295
\linenumbersep=\dimen179
\linenumberwidth=\dimen180
\c@linenumber=\count296
\c@pagewiselinenumber=\count297
\c@LN@truepage=\count298
\c@internallinenumber=\count299
\c@internallinenumbers=\count300
\quotelinenumbersep=\dimen181
\bframerule=\dimen182
\bframesep=\dimen183
\bframebox=\box58
LaTeX Info: Redefining \\ on input line 3056.
)
\c@FV@TrueTabGroupLevel=\count301
\c@FV@TrueTabCounter=\count302
\FV@TabBox@Group=\box59
\FV@TmpLength=\skip55
\c@FV@HighlightLinesStart=\count303
\c@FV@HighlightLinesStop=\count304
\FV@LoopCount=\count305
\FV@NCharsBox=\box60
\FV@BreakIndent=\dimen184
\FV@BreakIndentNChars=\count306
\FV@BreakSymbolSepLeft=\dimen185
\FV@BreakSymbolSepLeftNChars=\count307
\FV@BreakSymbolSepRight=\dimen186
\FV@BreakSymbolSepRightNChars=\count308
\FV@BreakSymbolIndentLeft=\dimen187
\FV@BreakSymbolIndentLeftNChars=\count309
\FV@BreakSymbolIndentRight=\dimen188
\FV@BreakSymbolIndentRightNChars=\count310
\c@FancyVerbLineBreakLast=\count311
\FV@LineBox=\box61
\FV@LineIndentBox=\box62
\FV@LineWidth=\dimen189
)
(C:\Users\user\AppData\Local\Programs\MiKTeX\tex/latex/tools\calc.sty
Package: calc 2017/05/25 v4.3 Infix arithmetic (KKT,FJ)
\calc@Acount=\count312
\calc@Bcount=\count313
\calc@Adimen=\dimen190
\calc@Bdimen=\dimen191
\calc@Askip=\skip56
\calc@Bskip=\skip57
LaTeX Info: Redefining \setlength on input line 80.
LaTeX Info: Redefining \addtolength on input line 81.
\calc@Ccount=\count314
\calc@Cskip=\skip58
)
(C:\Users\user\AppData\Local\Programs\MiKTeX\tex/latex/tools\shellesc.sty
Package: shellesc 2019/11/08 v1.0c unified shell escape interface for LaTeX
Package shellesc Info: Unrestricted shell escape enabled on input line 75.
)
(C:\Users\user\AppData\Local\Programs\MiKTeX\tex/latex/ifplatform\ifplatform.st
y
Package: ifplatform 2017/10/13 v0.4a Testing for the operating system

(C:\Users\user\AppData\Local\Programs\MiKTeX\tex/generic/pdftexcmds\pdftexcmds.
sty
Package: pdftexcmds 2020-06-27 v0.33 Utility functions of pdfTeX for LuaTeX (HO
)

(C:\Users\user\AppData\Local\Programs\MiKTeX\tex/generic/infwarerr\infwarerr.st
y
Package: infwarerr 2019/12/03 v1.5 Providing info/warning/error messages (HO)
) (C:\Users\user\AppData\Local\Programs\MiKTeX\tex/generic/iftex\iftex.sty
Package: iftex 2022/02/03 v1.0f TeX engine tests
)
Package pdftexcmds Info: \pdf@primitive is available.
Package pdftexcmds Info: \pdf@ifprimitive is available.
Package pdftexcmds Info: \pdfdraftmode found.
)
(C:\Users\user\AppData\Local\Programs\MiKTeX\tex/generic/catchfile\catchfile.st
y
Package: catchfile 2019/12/09 v1.8 Catch the contents of a file (HO)

(C:\Users\user\AppData\Local\Programs\MiKTeX\tex/generic/etexcmds\etexcmds.sty
Package: etexcmds 2019/12/15 v1.7 Avoid name clashes with e-TeX commands (HO)
)) (C:\Users\user\AppData\Local\Programs\MiKTeX\tex/generic/iftex\ifluatex.sty
Package: ifluatex 2019/10/25 v1.5 ifluatex legacy package. Use iftex instead.
)) (C:\Users\user\AppData\Local\Programs\MiKTeX\tex/latex/xstring\xstring.sty
(C:\Users\user\AppData\Local\Programs\MiKTeX\tex/generic/xstring\xstring.tex
\integerpart=\count315
\decimalpart=\count316
)
Package: xstring 2021/07/21 v1.84 String manipulations (CT)
)
(C:\Users\user\AppData\Local\Programs\MiKTeX\tex/latex/framed\framed.sty
Package: framed 2011/10/22 v 0.96: framed or shaded text with page breaks
\OuterFrameSep=\skip59
\fb@frw=\dimen192
\fb@frh=\dimen193
\FrameRule=\dimen194
\FrameSep=\dimen195
)
(C:\Users\user\AppData\Local\Programs\MiKTeX\tex/latex/float\float.sty
Package: float 2001/11/08 v1.3d Float enhancements (AL)
\c@float@type=\count317
\float@exts=\toks25
\float@box=\box63
\@float@everytoks=\toks26
\@floatcapt=\box64
)
\minted@appexistsfile=\read3
\minted@bgbox=\box65
\minted@code=\write4
\c@minted@FancyVerbLineTemp=\count318
\c@minted@pygmentizecounter=\count319
\@float@every@listing=\toks27
\c@listing=\count320
)
runsystem(if not exist _minted-final_report mkdir _minted-final_report)...execu
ted.


(C:\Users\user\AppData\Local\Programs\MiKTeX\tex/latex/xcolor\xcolor.sty
Package: xcolor 2022/06/12 v2.14 LaTeX color extensions (UK)

(C:\Users\user\AppData\Local\Programs\MiKTeX\tex/latex/graphics-cfg\color.cfg
File: color.cfg 2016/01/02 v1.6 sample color configuration
)
Package xcolor Info: Driver file: pdftex.def on input line 227.

(C:\Users\user\AppData\Local\Programs\MiKTeX\tex/latex/graphics\mathcolor.ltx)
Package xcolor Info: Model `cmy' substituted by `cmy0' on input line 1353.
Package xcolor Info: Model `hsb' substituted by `rgb' on input line 1357.
Package xcolor Info: Model `RGB' extended on input line 1369.
Package xcolor Info: Model `HTML' substituted by `rgb' on input line 1371.
Package xcolor Info: Model `Hsb' substituted by `hsb' on input line 1372.
Package xcolor Info: Model `tHsb' substituted by `hsb' on input line 1373.
Package xcolor Info: Model `HSB' substituted by `hsb' on input line 1374.
Package xcolor Info: Model `Gray' substituted by `gray' on input line 1375.
Package xcolor Info: Model `wave' substituted by `hsb' on input line 1376.
)
runsystem(for ^%i in (pygmentize.exe pygmentize.bat pygmentize.cmd) do set > fi
nal_report.aex <nul: /p x=^%~$PATH:i>> final_report.aex)...executed.

runsystem(del final_report.aex)...executed.


(C:\Users\user\AppData\Local\Programs\MiKTeX\tex/latex/l3backend\l3backend-pdft
ex.def
File: l3backend-pdftex.def 2022-09-28 L3 backend support: PDF output (pdfTeX)
\l__color_backend_stack_int=\count321
\l__pdf_internal_box=\box66
) (final_report.aux

LaTeX Warning: Label `fig' multiply defined.


LaTeX Warning: Label `tab4' multiply defined.


LaTeX Warning: Label `tab1' multiply defined.


LaTeX Warning: Label `tab1' multiply defined.


LaTeX Warning: Label `fig' multiply defined.

)
\openout1 = `final_report.aux'.

LaTeX Font Info:    Checking defaults for OML/cmm/m/it on input line 15.
LaTeX Font Info:    ... okay on input line 15.
LaTeX Font Info:    Checking defaults for OMS/cmsy/m/n on input line 15.
LaTeX Font Info:    ... okay on input line 15.
LaTeX Font Info:    Checking defaults for OT1/cmr/m/n on input line 15.
LaTeX Font Info:    ... okay on input line 15.
LaTeX Font Info:    Checking defaults for T1/cmr/m/n on input line 15.
LaTeX Font Info:    ... okay on input line 15.
LaTeX Font Info:    Checking defaults for TS1/cmr/m/n on input line 15.
LaTeX Font Info:    ... okay on input line 15.
LaTeX Font Info:    Checking defaults for OMX/cmex/m/n on input line 15.
LaTeX Font Info:    ... okay on input line 15.
LaTeX Font Info:    Checking defaults for U/cmr/m/n on input line 15.
LaTeX Font Info:    ... okay on input line 15.

-- Lines per column: 56 (exact).

(C:\Users\user\AppData\Local\Programs\MiKTeX\tex/context/base/mkii\supp-pdf.mki
i
[Loading MPS to PDF converter (version 2006.09.02).]
\scratchcounter=\count322
\scratchdimen=\dimen196
\scratchbox=\box67
\nofMPsegments=\count323
\nofMParguments=\count324
\everyMPshowfont=\toks28
\MPscratchCnt=\count325
\MPscratchDim=\dimen197
\MPnumerator=\count326
\makeMPintoPDFobject=\count327
\everyMPtoPDFconversion=\toks29
)
(C:\Users\user\AppData\Local\Programs\MiKTeX\tex/latex/epstopdf-pkg\epstopdf-ba
se.sty
Package: epstopdf-base 2020-01-24 v2.11 Base part for package epstopdf
Package epstopdf-base Info: Redefining graphics rule for `.eps' on input line 4
85.

(C:\Users\user\AppData\Local\Programs\MiKTeX\tex/latex/00miktex\epstopdf-sys.cf
g
File: epstopdf-sys.cfg 2021/03/18 v2.0 Configuration of epstopdf for MiKTeX
))
\c@lstlisting=\count328

Underfull \hbox (badness 1484) in paragraph at lines 50--51
\OT1/ptm/m/n/10 ap-ply-ing nature-inspired al-go-rithms as op-ti-miz-ers to the

 []


Underfull \hbox (badness 10000) in paragraph at lines 50--51

 []

LaTeX Font Info:    Trying to load font information for U+msa on input line 57.

(C:\Users\user\AppData\Local\Programs\MiKTeX\tex/latex/amsfonts\umsa.fd
File: umsa.fd 2013/01/14 v3.01 AMS symbols A
)
LaTeX Font Info:    Trying to load font information for U+msb on input line 57.


(C:\Users\user\AppData\Local\Programs\MiKTeX\tex/latex/amsfonts\umsb.fd
File: umsb.fd 2013/01/14 v3.01 AMS symbols B
)
Underfull \hbox (badness 1701) in paragraph at lines 60--61
\OT1/ptm/m/n/10 dataset, the pipeline that we de-vel-oped will have
 []


Underfull \hbox (badness 1527) in paragraph at lines 60--61
\OT1/ptm/m/n/10 that would be use-ful in pre-dict-ing other statis-tics
 []


Underfull \hbox (badness 10000) in paragraph at lines 60--61

 []


Underfull \hbox (badness 10000) in paragraph at lines 64--65

 []


Underfull \hbox (badness 4556) in paragraph at lines 77--78
[]\OT1/ptm/m/n/10 The idea of fea-ture se-lec-tion us-ing Nature-Inspired
 []


Underfull \hbox (badness 10000) in paragraph at lines 77--78

 []

[1{C:/Users/user/AppData/Local/MiKTeX/fonts/map/pdftex/pdftex.map}


]
Underfull \hbox (badness 10000) in paragraph at lines 79--80

 []


Underfull \hbox (badness 10000) in paragraph at lines 81--82

 []

LaTeX Font Info:    Trying to load font information for OT1+pcr on input line 8
3.
(C:\Users\user\AppData\Local\Programs\MiKTeX\tex/latex/psnfss\ot1pcr.fd
File: ot1pcr.fd 2001/06/04 font definitions for OT1/pcr.
)
Underfull \hbox (badness 10000) in paragraph at lines 83--85
[]\OT1/ptm/m/n/10 That li-brary con-tains sev-eral main mod-ules:
 []


Underfull \hbox (badness 10000) in paragraph at lines 83--85
\OT1/pcr/m/n/10 data_sampling\OT1/ptm/m/n/10 , \OT1/pcr/m/n/10 data_weighting\O
T1/ptm/m/n/10 , and
 []


Underfull \hbox (badness 1635) in paragraph at lines 83--85
\OT1/ptm/m/n/10 is \OT1/pcr/m/n/10 EvoSampling\OT1/ptm/m/n/10 , which ex-tends 
\OT1/pcr/m/n/10 _BaseFilter \OT1/ptm/m/n/10 class
 []


Underfull \hbox (badness 10000) in paragraph at lines 131--132

 []


Underfull \hbox (badness 1360) in paragraph at lines 133--134
[]\OT1/ptm/m/n/10 As our so-lu-tion to mul-ti-collinear-ity we have de-cided
 []


Underfull \hbox (badness 10000) in paragraph at lines 133--134

 []


Underfull \hbox (badness 7777) in paragraph at lines 147--148
 \OT1/ptm/m/it/10 4) Par-ti-cle Swarm Op-ti-miza-tion Clus-ter-ing: [][] \OT1/p
tm/m/n/10 Par-ti-cle
 []


Underfull \hbox (badness 1668) in paragraph at lines 147--148
\OT1/ptm/m/n/10 im-prov-ing a cho-sen so-lu-tion, de-pend-ing on the elected
 []


Underfull \hbox (badness 10000) in paragraph at lines 147--148

 []

[2]
Underfull \hbox (badness 10000) in paragraph at lines 153--154

 []

<picture1.jpg, id=18, 557.9244pt x 604.1772pt>
File: picture1.jpg Graphic file (type jpg)
<use picture1.jpg>
Package pdftex.def Info: picture1.jpg  used on input line 169.
(pdftex.def)             Requested size: 195.27646pt x 211.46518pt.
<picture2.jpg, id=19, 557.9244pt x 604.1772pt>
File: picture2.jpg Graphic file (type jpg)
<use picture2.jpg>
Package pdftex.def Info: picture2.jpg  used on input line 175.
(pdftex.def)             Requested size: 195.27646pt x 211.46518pt.

Underfull \hbox (badness 10000) in paragraph at lines 184--185

 []


Underfull \hbox (badness 10000) in paragraph at lines 184--185

 []


Underfull \hbox (badness 10000) in paragraph at lines 184--185

 []

LaTeX Font Info:    Trying to load font information for OML+ptm on input line 1
88.
(C:\Users\user\AppData\Local\Programs\MiKTeX\tex/latex/psnfss\omlptm.fd
File: omlptm.fd 
)
LaTeX Font Info:    Font shape `OML/ptm/m/n' in size <10> not available
(Font)              Font shape `OML/cmm/m/it' tried instead on input line 188.

Overfull \hbox (54.00311pt too wide) in paragraph at lines 191--192
[][][][][][][][][][][] 
 []


Overfull \hbox (78.00336pt too wide) in paragraph at lines 192--193
[][][][][][][][][][][][][][][] 
 []


Overfull \hbox (12.00269pt too wide) in paragraph at lines 194--195
[][][][][][][][][][][] 
 []


Underfull \hbox (badness 10000) in paragraph at lines 200--201

 []

[3 <./picture1.jpg> <./picture2.jpg>]
Underfull \hbox (badness 10000) in paragraph at lines 202--203

 []


Underfull \hbox (badness 10000) in paragraph at lines 204--205

 []


Underfull \hbox (badness 5036) in paragraph at lines 220--221
\OT1/ptm/m/n/10 al-go-rithm. Us-ing mod-ules im-ported from sklearn, we
 []


Underfull \hbox (badness 3343) in paragraph at lines 220--221
\OT1/ptm/m/n/10 How-ever, ini-tial im-ple-men-ta-tion of the PSO con-tained
 []


Underfull \hbox (badness 10000) in paragraph at lines 220--221

 []


Underfull \hbox (badness 3281) in paragraph at lines 238--239
[]\OT1/ptm/m/n/10 From those re-sults it could be con-cluded that our
 []


Underfull \hbox (badness 10000) in paragraph at lines 238--239

 []


Overfull \hbox (24.24667pt too wide) in paragraph at lines 245--257
 [] 
 []

[4]
Underfull \hbox (badness 10000) in paragraph at lines 271--272
[]\OT1/ptm/m/n/10 Random For-est Clas-si-fier with $\OT1/cmr/m/n/10 10$ \OT1/pt
m/m/n/10 es-ti-ma-tors,
 []


Overfull \hbox (3.9184pt too wide) in paragraph at lines 279--295
 [] 
 []


Overfull \hbox (3.9184pt too wide) in paragraph at lines 301--317
 [] 
 []


Overfull \hbox (3.9184pt too wide) in paragraph at lines 323--339
 [] 
 []

(final_report.bbl [5]
Underfull \hbox (badness 10000) in paragraph at lines 57--62
[]\OT1/ptm/m/n/8 scikit-learn de-vel-op-ers.  Per-mu-ta-tion im-por-tance with
 []


Underfull \hbox (badness 10000) in paragraph at lines 57--62
\OT1/ptm/m/n/8 mul-ti-collinear or cor-re-lated fea-tures.  https://scikit-
 []


Overfull \hbox (65.3805pt too wide) in paragraph at lines 57--62
\OT1/ptm/m/n/8 learn.org/stable/auto[]examples/inspection/plot[]permutation[]im
portance[]multicollinear.html.
 []

)
<fig1.png, id=34, 82.1469pt x 71.5473pt>
File: fig1.png Graphic file (type png)
<use fig1.png>
Package pdftex.def Info: fig1.png  used on input line 402.
(pdftex.def)             Requested size: 82.14668pt x 71.5471pt.


** Conference Paper **
Before submitting the final camera ready copy, remember to:

 1. Manually equalize the lengths of two columns on the last page
 of your paper;

 2. Ensure that any PostScript and/or PDF output post-processing
 uses only Type 1 fonts and that every step in the generation
 process uses the appropriate paper size.

[6

 <./fig1.png (PNG copy)>] (final_report.aux)

LaTeX Warning: There were multiply-defined labels.

 ) 
Here is how much of TeX's memory you used:
 9600 strings out of 475385
 168794 string characters out of 2777379
 575086 words of memory out of 3000000
 30828 multiletter control sequences out of 15000+600000
 511206 words of font info for 105 fonts, out of 8000000 for 9000
 1141 hyphenation exceptions out of 8191
 75i,11n,81p,823b,1448s stack positions out of 10000i,1000n,20000p,200000b,80000s
{C:/Users/user/AppData/Local/Programs/MiKTeX/fonts/enc/dvips/base/8r.enc}<C:/
Users/user/AppData/Local/Programs/MiKTeX/fonts/type1/public/amsfonts/cm/cmex10.
pfb><C:/Users/user/AppData/Local/Programs/MiKTeX/fonts/type1/public/amsfonts/cm
extra/cmex7.pfb><C:/Users/user/AppData/Local/Programs/MiKTeX/fonts/type1/public
/amsfonts/cm/cmmi10.pfb><C:/Users/user/AppData/Local/Programs/MiKTeX/fonts/type
1/public/amsfonts/cm/cmmi5.pfb><C:/Users/user/AppData/Local/Programs/MiKTeX/fon
ts/type1/public/amsfonts/cm/cmmi7.pfb><C:/Users/user/AppData/Local/Programs/MiK
TeX/fonts/type1/public/amsfonts/cm/cmr10.pfb><C:/Users/user/AppData/Local/Progr
ams/MiKTeX/fonts/type1/public/amsfonts/cm/cmr6.pfb><C:/Users/user/AppData/Local
/Programs/MiKTeX/fonts/type1/public/amsfonts/cm/cmr7.pfb><C:/Users/user/AppData
/Local/Programs/MiKTeX/fonts/type1/public/amsfonts/cm/cmsy10.pfb><C:/Users/user
/AppData/Local/Programs/MiKTeX/fonts/type1/public/amsfonts/cm/cmsy5.pfb><C:/Use
rs/user/AppData/Local/Programs/MiKTeX/fonts/type1/public/amsfonts/cm/cmsy7.pfb>
<C:/Users/user/AppData/Local/Programs/MiKTeX/fonts/type1/urw/courier/ucrr8a.pfb
><C:/Users/user/AppData/Local/Programs/MiKTeX/fonts/type1/urw/times/utmb8a.pfb>
<C:/Users/user/AppData/Local/Programs/MiKTeX/fonts/type1/urw/times/utmbi8a.pfb>
<C:/Users/user/AppData/Local/Programs/MiKTeX/fonts/type1/urw/times/utmr8a.pfb><
C:/Users/user/AppData/Local/Programs/MiKTeX/fonts/type1/urw/times/utmri8a.pfb>
Output written on final_report.pdf (6 pages, 327149 bytes).
PDF statistics:
 105 PDF objects out of 1000 (max. 8388607)
 0 named destinations out of 1000 (max. 500000)
 16 words of extra memory for PDF output out of 10000 (max. 10000000)

